Detecting C [-std=c11] compiler features failed to compile with the following output:
Change Dir: /Users/zalkar/Desktop/DSC++/My_Git/Lab#4/Task#1/cmake-build-debug/CMakeFiles/CMakeTmp

Run Build Command:"/usr/bin/make" "cmTC_289ca/fast"
/Library/Developer/CommandLineTools/usr/bin/make -f CMakeFiles/cmTC_289ca.dir/build.make CMakeFiles/cmTC_289ca.dir/build
make[1]: *** No rule to make target `/Users/zalkar/Desktop/DSC++/My_Git/Lab', needed by `CMakeFiles/cmTC_289ca.dir/feature_tests.c.o'.  Stop.
make: *** [cmTC_289ca/fast] Error 2



Detecting CXX [-std=c++1z] compiler features failed to compile with the following output:
Change Dir: /Users/zalkar/Desktop/DSC++/My_Git/Lab#4/Task#1/cmake-build-debug/CMakeFiles/CMakeTmp

Run Build Command:"/usr/bin/make" "cmTC_7d0b0/fast"
/Library/Developer/CommandLineTools/usr/bin/make -f CMakeFiles/cmTC_7d0b0.dir/build.make CMakeFiles/cmTC_7d0b0.dir/build
make[1]: *** No rule to make target `/Users/zalkar/Desktop/DSC++/My_Git/Lab', needed by `CMakeFiles/cmTC_7d0b0.dir/feature_tests.cxx.o'.  Stop.
make: *** [cmTC_7d0b0/fast] Error 2



