Detecting C [-std=c11] compiler features failed to compile with the following output:
Change Dir: C:/Users/User/Desktop/Bennington College/term2/Data_Structures_C++/MyGit/Lab#5/Tree#2/cmake-build-debug/CMakeFiles/CMakeTmp

Run Build Command:"C:/MinGW/bin/mingw32-make.exe" "cmTC_ed636/fast"
C:/MinGW/bin/mingw32-make.exe -f CMakeFiles\cmTC_ed636.dir\build.make CMakeFiles/cmTC_ed636.dir/build
mingw32-make.exe[1]: Entering directory 'C:/Users/User/Desktop/Bennington College/term2/Data_Structures_C++/MyGit/Lab#5/Tree#2/cmake-build-debug/CMakeFiles/CMakeTmp'
mingw32-make.exe[1]: Leaving directory 'C:/Users/User/Desktop/Bennington College/term2/Data_Structures_C++/MyGit/Lab#5/Tree#2/cmake-build-debug/CMakeFiles/CMakeTmp'
mingw32-make.exe[1]: *** No rule to make target 'C:/Users/User/Desktop/Bennington College/term2/Data_Structures_C++/MyGit/Lab', needed by 'CMakeFiles/cmTC_ed636.dir/feature_tests.c.obj'.  Stop.
Makefile:120: recipe for target 'cmTC_ed636/fast' failed
mingw32-make.exe: *** [cmTC_ed636/fast] Error 2



Detecting CXX [-std=c++1z] compiler features failed to compile with the following output:
Change Dir: C:/Users/User/Desktop/Bennington College/term2/Data_Structures_C++/MyGit/Lab#5/Tree#2/cmake-build-debug/CMakeFiles/CMakeTmp

Run Build Command:"C:/MinGW/bin/mingw32-make.exe" "cmTC_deb4f/fast"
C:/MinGW/bin/mingw32-make.exe -f CMakeFiles\cmTC_deb4f.dir\build.make CMakeFiles/cmTC_deb4f.dir/build
mingw32-make.exe[1]: Entering directory 'C:/Users/User/Desktop/Bennington College/term2/Data_Structures_C++/MyGit/Lab#5/Tree#2/cmake-build-debug/CMakeFiles/CMakeTmp'
mingw32-make.exe[1]: Leaving directory 'C:/Users/User/Desktop/Bennington College/term2/Data_Structures_C++/MyGit/Lab#5/Tree#2/cmake-build-debug/CMakeFiles/CMakeTmp'
mingw32-make.exe[1]: *** No rule to make target 'C:/Users/User/Desktop/Bennington College/term2/Data_Structures_C++/MyGit/Lab', needed by 'CMakeFiles/cmTC_deb4f.dir/feature_tests.cxx.obj'.  Stop.
Makefile:120: recipe for target 'cmTC_deb4f/fast' failed
mingw32-make.exe: *** [cmTC_deb4f/fast] Error 2



