Detecting C [-std=c11] compiler features failed to compile with the following output:
Change Dir: /Users/zalkar/Desktop/Data_Structures/Lab#3/doublyLinkedList/cmake-build-debug/CMakeFiles/CMakeTmp

Run Build Command:"/usr/bin/make" "cmTC_43d20/fast"
/Library/Developer/CommandLineTools/usr/bin/make -f CMakeFiles/cmTC_43d20.dir/build.make CMakeFiles/cmTC_43d20.dir/build
make[1]: *** No rule to make target `/Users/zalkar/Desktop/Data_Structures/Lab', needed by `CMakeFiles/cmTC_43d20.dir/feature_tests.c.o'.  Stop.
make: *** [cmTC_43d20/fast] Error 2



Detecting CXX [-std=c++1z] compiler features failed to compile with the following output:
Change Dir: /Users/zalkar/Desktop/Data_Structures/Lab#3/doublyLinkedList/cmake-build-debug/CMakeFiles/CMakeTmp

Run Build Command:"/usr/bin/make" "cmTC_59d63/fast"
/Library/Developer/CommandLineTools/usr/bin/make -f CMakeFiles/cmTC_59d63.dir/build.make CMakeFiles/cmTC_59d63.dir/build
make[1]: *** No rule to make target `/Users/zalkar/Desktop/Data_Structures/Lab', needed by `CMakeFiles/cmTC_59d63.dir/feature_tests.cxx.o'.  Stop.
make: *** [cmTC_59d63/fast] Error 2



