Detecting C [-std=c11] compiler features failed to compile with the following output:
Change Dir: /Users/zalkar/Desktop/Data_Structures/Lab#3/1-7/cmake-build-debug/CMakeFiles/CMakeTmp

Run Build Command:"/usr/bin/make" "cmTC_2afd1/fast"
/Library/Developer/CommandLineTools/usr/bin/make -f CMakeFiles/cmTC_2afd1.dir/build.make CMakeFiles/cmTC_2afd1.dir/build
make[1]: *** No rule to make target `/Users/zalkar/Desktop/Data_Structures/Lab', needed by `CMakeFiles/cmTC_2afd1.dir/feature_tests.c.o'.  Stop.
make: *** [cmTC_2afd1/fast] Error 2



Detecting CXX [-std=c++1z] compiler features failed to compile with the following output:
Change Dir: /Users/zalkar/Desktop/Data_Structures/Lab#3/1-7/cmake-build-debug/CMakeFiles/CMakeTmp

Run Build Command:"/usr/bin/make" "cmTC_af83c/fast"
/Library/Developer/CommandLineTools/usr/bin/make -f CMakeFiles/cmTC_af83c.dir/build.make CMakeFiles/cmTC_af83c.dir/build
make[1]: *** No rule to make target `/Users/zalkar/Desktop/Data_Structures/Lab', needed by `CMakeFiles/cmTC_af83c.dir/feature_tests.cxx.o'.  Stop.
make: *** [cmTC_af83c/fast] Error 2



