Detecting C [-std=c11] compiler features failed to compile with the following output:
Change Dir: /Users/zalkar/Desktop/DSC++/My_Git/Lab#3/circularLinkedList/cmake-build-debug/CMakeFiles/CMakeTmp

Run Build Command:"/usr/bin/make" "cmTC_67ddf/fast"
/Library/Developer/CommandLineTools/usr/bin/make -f CMakeFiles/cmTC_67ddf.dir/build.make CMakeFiles/cmTC_67ddf.dir/build
make[1]: *** No rule to make target `/Users/zalkar/Desktop/DSC++/My_Git/Lab', needed by `CMakeFiles/cmTC_67ddf.dir/feature_tests.c.o'.  Stop.
make: *** [cmTC_67ddf/fast] Error 2



Detecting CXX [-std=c++1z] compiler features failed to compile with the following output:
Change Dir: /Users/zalkar/Desktop/DSC++/My_Git/Lab#3/circularLinkedList/cmake-build-debug/CMakeFiles/CMakeTmp

Run Build Command:"/usr/bin/make" "cmTC_6977a/fast"
/Library/Developer/CommandLineTools/usr/bin/make -f CMakeFiles/cmTC_6977a.dir/build.make CMakeFiles/cmTC_6977a.dir/build
make[1]: *** No rule to make target `/Users/zalkar/Desktop/DSC++/My_Git/Lab', needed by `CMakeFiles/cmTC_6977a.dir/feature_tests.cxx.o'.  Stop.
make: *** [cmTC_6977a/fast] Error 2



