Detecting C [-std=c11] compiler features failed to compile with the following output:
Change Dir: C:/Users/User/Desktop/Bennington College/term2/Data_Structures_C++/Tree#1/Task#1-3/cmake-build-debug/CMakeFiles/CMakeTmp

Run Build Command:"C:/MinGW/bin/mingw32-make.exe" "cmTC_e42c7/fast"
C:/MinGW/bin/mingw32-make.exe -f CMakeFiles\cmTC_e42c7.dir\build.make CMakeFiles/cmTC_e42c7.dir/build
mingw32-make.exe[1]: Entering directory 'C:/Users/User/Desktop/Bennington College/term2/Data_Structures_C++/Tree#1/Task#1-3/cmake-build-debug/CMakeFiles/CMakeTmp'
mingw32-make.exe[1]: Leaving directory 'C:/Users/User/Desktop/Bennington College/term2/Data_Structures_C++/Tree#1/Task#1-3/cmake-build-debug/CMakeFiles/CMakeTmp'
mingw32-make.exe[1]: *** No rule to make target 'C:/Users/User/Desktop/Bennington College/term2/Data_Structures_C++/Tree', needed by 'CMakeFiles/cmTC_e42c7.dir/feature_tests.c.obj'.  Stop.
Makefile:120: recipe for target 'cmTC_e42c7/fast' failed
mingw32-make.exe: *** [cmTC_e42c7/fast] Error 2



Detecting CXX [-std=c++1z] compiler features failed to compile with the following output:
Change Dir: C:/Users/User/Desktop/Bennington College/term2/Data_Structures_C++/Tree#1/Task#1-3/cmake-build-debug/CMakeFiles/CMakeTmp

Run Build Command:"C:/MinGW/bin/mingw32-make.exe" "cmTC_f4dbf/fast"
C:/MinGW/bin/mingw32-make.exe -f CMakeFiles\cmTC_f4dbf.dir\build.make CMakeFiles/cmTC_f4dbf.dir/build
mingw32-make.exe[1]: Entering directory 'C:/Users/User/Desktop/Bennington College/term2/Data_Structures_C++/Tree#1/Task#1-3/cmake-build-debug/CMakeFiles/CMakeTmp'
mingw32-make.exe[1]: Leaving directory 'C:/Users/User/Desktop/Bennington College/term2/Data_Structures_C++/Tree#1/Task#1-3/cmake-build-debug/CMakeFiles/CMakeTmp'
mingw32-make.exe[1]: *** No rule to make target 'C:/Users/User/Desktop/Bennington College/term2/Data_Structures_C++/Tree', needed by 'CMakeFiles/cmTC_f4dbf.dir/feature_tests.cxx.obj'.  Stop.
Makefile:120: recipe for target 'cmTC_f4dbf/fast' failed
mingw32-make.exe: *** [cmTC_f4dbf/fast] Error 2



