Detecting C [-std=c11] compiler features failed to compile with the following output:
Change Dir: /Users/zalkar/Desktop/DSC++/My_Git/Lab#4/Task#2/cmake-build-debug/CMakeFiles/CMakeTmp

Run Build Command:"/usr/bin/make" "cmTC_00d1f/fast"
/Library/Developer/CommandLineTools/usr/bin/make -f CMakeFiles/cmTC_00d1f.dir/build.make CMakeFiles/cmTC_00d1f.dir/build
make[1]: *** No rule to make target `/Users/zalkar/Desktop/DSC++/My_Git/Lab', needed by `CMakeFiles/cmTC_00d1f.dir/feature_tests.c.o'.  Stop.
make: *** [cmTC_00d1f/fast] Error 2



Detecting CXX [-std=c++1z] compiler features failed to compile with the following output:
Change Dir: /Users/zalkar/Desktop/DSC++/My_Git/Lab#4/Task#2/cmake-build-debug/CMakeFiles/CMakeTmp

Run Build Command:"/usr/bin/make" "cmTC_8c645/fast"
/Library/Developer/CommandLineTools/usr/bin/make -f CMakeFiles/cmTC_8c645.dir/build.make CMakeFiles/cmTC_8c645.dir/build
make[1]: *** No rule to make target `/Users/zalkar/Desktop/DSC++/My_Git/Lab', needed by `CMakeFiles/cmTC_8c645.dir/feature_tests.cxx.o'.  Stop.
make: *** [cmTC_8c645/fast] Error 2



