Detecting C [-std=c11] compiler features failed to compile with the following output:
Change Dir: /Users/zalkar/Desktop/DSC++/My_Git/Lab#3/linkedList/cmake-build-debug/CMakeFiles/CMakeTmp

Run Build Command:"/usr/bin/make" "cmTC_ce692/fast"
/Library/Developer/CommandLineTools/usr/bin/make -f CMakeFiles/cmTC_ce692.dir/build.make CMakeFiles/cmTC_ce692.dir/build
make[1]: *** No rule to make target `/Users/zalkar/Desktop/DSC++/My_Git/Lab', needed by `CMakeFiles/cmTC_ce692.dir/feature_tests.c.o'.  Stop.
make: *** [cmTC_ce692/fast] Error 2



Detecting CXX [-std=c++1z] compiler features failed to compile with the following output:
Change Dir: /Users/zalkar/Desktop/DSC++/My_Git/Lab#3/linkedList/cmake-build-debug/CMakeFiles/CMakeTmp

Run Build Command:"/usr/bin/make" "cmTC_e645a/fast"
/Library/Developer/CommandLineTools/usr/bin/make -f CMakeFiles/cmTC_e645a.dir/build.make CMakeFiles/cmTC_e645a.dir/build
make[1]: *** No rule to make target `/Users/zalkar/Desktop/DSC++/My_Git/Lab', needed by `CMakeFiles/cmTC_e645a.dir/feature_tests.cxx.o'.  Stop.
make: *** [cmTC_e645a/fast] Error 2



